0 info it worked if it ends with ok
1 verbose cli [ '/usr/local/bin/node',
1 verbose cli   '/usr/local/bin/npm',
1 verbose cli   'completion',
1 verbose cli   '--',
1 verbose cli   'npm',
1 verbose cli   'install',
1 verbose cli   'body-parser' ]
2 info using npm@1.4.28
3 info using node@v0.10.32
4 verbose request where is /-/short
5 verbose request registry http://registry.npmjs.org/
6 verbose request id d2ce3c2b4e06821f
7 verbose url raw /-/short
8 verbose url resolving [ 'http://registry.npmjs.org/', './-/short' ]
9 verbose url resolved http://registry.npmjs.org/-/short
10 verbose request where is http://registry.npmjs.org/-/short
11 info trying registry request attempt 1 at 16:07:46
12 http GET http://registry.npmjs.org/-/short
13 http 404 http://registry.npmjs.org/-/short
14 silly registry.get cb [ 404,
14 silly registry.get   { 'content-type': 'application/json',
14 silly registry.get     'cache-control': 'max-age=0',
14 silly registry.get     'content-length': '2',
14 silly registry.get     'accept-ranges': 'bytes',
14 silly registry.get     date: 'Sat, 08 Oct 2016 08:08:07 GMT',
14 silly registry.get     via: '1.1 varnish',
14 silly registry.get     connection: 'keep-alive',
14 silly registry.get     'x-served-by': 'cache-itm7421-ITM',
14 silly registry.get     'x-cache': 'MISS',
14 silly registry.get     'x-cache-hits': '0',
14 silly registry.get     'x-timer': 'S1475914087.341069,VS0,VE153',
14 silly registry.get     vary: 'Accept-Encoding' } ]
15 error TypeError: Object #<Object> has no method 'filter'
15 error     at /usr/local/lib/node_modules/npm/lib/install.js:43:17
15 error     at saved (/usr/local/lib/node_modules/npm/node_modules/npm-registry-client/lib/get.js:167:7)
15 error     at Object.oncomplete (fs.js:107:15)
16 error If you need help, you may report this *entire* log,
16 error including the npm and node versions, at:
16 error     <http://github.com/npm/npm/issues>
17 error System Linux 3.13.0-32-generic
18 error command "/usr/local/bin/node" "/usr/local/bin/npm" "completion" "--" "npm" "install" "body-parser"
19 error cwd /home/rhyme/rhyme/memosite
20 error node -v v0.10.32
21 error npm -v 1.4.28
22 error type undefined_method
23 verbose exit [ 1, true ]
